C:\CAPSTONE\CAPSTONE\CAPSTONE_REPO\DETECTION\IMAGE_DETECTOR\SRC\IMAGE_DETECTOR\DEBUG\IMAGE_DETECTOR.EXE
C:\CAPSTONE\CAPSTONE\CAPSTONE_REPO\DETECTION\IMAGE_DETECTOR\SRC\IMAGE_DETECTOR\DEBUG\IMAGE_DETECTOR.ILK
C:\CAPSTONE\CAPSTONE\CAPSTONE_REPO\DETECTION\IMAGE_DETECTOR\SRC\IMAGE_DETECTOR\DEBUG\IMAGE_DETECTOR.PDB
C:\capstone\capstone\capstone_repo\Detection\image_detector\SRC\image_detector\image_detector\Debug\cl.command.1.tlog
C:\capstone\capstone\capstone_repo\Detection\image_detector\SRC\image_detector\image_detector\Debug\CL.read.1.tlog
C:\capstone\capstone\capstone_repo\Detection\image_detector\SRC\image_detector\image_detector\Debug\CL.write.1.tlog
C:\CAPSTONE\CAPSTONE\CAPSTONE_REPO\DETECTION\IMAGE_DETECTOR\SRC\IMAGE_DETECTOR\IMAGE_DETECTOR\DEBUG\CONFIG_PARAMS.OBJ
C:\CAPSTONE\CAPSTONE\CAPSTONE_REPO\DETECTION\IMAGE_DETECTOR\SRC\IMAGE_DETECTOR\IMAGE_DETECTOR\DEBUG\IMAGE_DETECTOR.EXE.EMBED.MANIFEST
C:\CAPSTONE\CAPSTONE\CAPSTONE_REPO\DETECTION\IMAGE_DETECTOR\SRC\IMAGE_DETECTOR\IMAGE_DETECTOR\DEBUG\IMAGE_DETECTOR.EXE.EMBED.MANIFEST.RES
C:\CAPSTONE\CAPSTONE\CAPSTONE_REPO\DETECTION\IMAGE_DETECTOR\SRC\IMAGE_DETECTOR\IMAGE_DETECTOR\DEBUG\IMAGE_DETECTOR.EXE.INTERMEDIATE.MANIFEST
C:\capstone\capstone\capstone_repo\Detection\image_detector\SRC\image_detector\image_detector\Debug\image_detector.write.1.tlog
C:\capstone\capstone\capstone_repo\Detection\image_detector\SRC\image_detector\image_detector\Debug\image_detector_manifest.rc
C:\capstone\capstone\capstone_repo\Detection\image_detector\SRC\image_detector\image_detector\Debug\link.2304.read.1.tlog
C:\capstone\capstone\capstone_repo\Detection\image_detector\SRC\image_detector\image_detector\Debug\link.2304.write.1.tlog
C:\capstone\capstone\capstone_repo\Detection\image_detector\SRC\image_detector\image_detector\Debug\link.2304-cvtres.read.1.tlog
C:\capstone\capstone\capstone_repo\Detection\image_detector\SRC\image_detector\image_detector\Debug\link.2304-cvtres.write.1.tlog
C:\capstone\capstone\capstone_repo\Detection\image_detector\SRC\image_detector\image_detector\Debug\link.2792.read.1.tlog
C:\capstone\capstone\capstone_repo\Detection\image_detector\SRC\image_detector\image_detector\Debug\link.2792.write.1.tlog
C:\capstone\capstone\capstone_repo\Detection\image_detector\SRC\image_detector\image_detector\Debug\link.2792-cvtres.read.1.tlog
C:\capstone\capstone\capstone_repo\Detection\image_detector\SRC\image_detector\image_detector\Debug\link.2792-cvtres.write.1.tlog
C:\capstone\capstone\capstone_repo\Detection\image_detector\SRC\image_detector\image_detector\Debug\link.command.1.tlog
C:\capstone\capstone\capstone_repo\Detection\image_detector\SRC\image_detector\image_detector\Debug\link.read.1.tlog
C:\capstone\capstone\capstone_repo\Detection\image_detector\SRC\image_detector\image_detector\Debug\link.write.1.tlog
C:\capstone\capstone\capstone_repo\Detection\image_detector\SRC\image_detector\image_detector\Debug\link-cvtres.read.1.tlog
C:\capstone\capstone\capstone_repo\Detection\image_detector\SRC\image_detector\image_detector\Debug\link-cvtres.write.1.tlog
C:\CAPSTONE\CAPSTONE\CAPSTONE_REPO\DETECTION\IMAGE_DETECTOR\SRC\IMAGE_DETECTOR\IMAGE_DETECTOR\DEBUG\MAIN.OBJ
C:\capstone\capstone\capstone_repo\Detection\image_detector\SRC\image_detector\image_detector\Debug\mt.command.1.tlog
C:\capstone\capstone\capstone_repo\Detection\image_detector\SRC\image_detector\image_detector\Debug\mt.read.1.tlog
C:\capstone\capstone\capstone_repo\Detection\image_detector\SRC\image_detector\image_detector\Debug\mt.write.1.tlog
C:\capstone\capstone\capstone_repo\Detection\image_detector\SRC\image_detector\image_detector\Debug\rc.command.1.tlog
C:\capstone\capstone\capstone_repo\Detection\image_detector\SRC\image_detector\image_detector\Debug\rc.read.1.tlog
C:\capstone\capstone\capstone_repo\Detection\image_detector\SRC\image_detector\image_detector\Debug\rc.write.1.tlog
C:\capstone\capstone\capstone_repo\Detection\image_detector\SRC\image_detector\image_detector\Debug\vc100.idb
C:\CAPSTONE\CAPSTONE\CAPSTONE_REPO\DETECTION\IMAGE_DETECTOR\SRC\IMAGE_DETECTOR\IMAGE_DETECTOR\DEBUG\VC100.PDB
