Build started 10/21/2013 2:18:27 PM.
     1>Project "C:\capstone\capstone\capstone_repo\Detection\image_detector\SRC\image_detector\image_detector\image_detector.vcxproj" on node 2 (build target(s)).
     1>InitializeBuildStatus:
         Creating "Debug\image_detector.unsuccessfulbuild" because "AlwaysCreate" was specified.
       ClCompile:
         C:\Program Files (x86)\Microsoft Visual Studio 10.0\VC\bin\CL.exe /c /IC:\opencv246\include /Ic:\capstone\capstone\capstone_repo\detection\image_detector\src\image_detector\image_detector\ /ZI /nologo /W3 /WX- /Od /Oy- /D WIN32 /D _DEBUG /D _CONSOLE /D _UNICODE /D UNICODE /Gm /EHsc /RTC1 /MDd /GS /fp:precise /Zc:wchar_t /Zc:forScope /Fo"Debug\\" /Fd"Debug\vc100.pdb" /Gd /TP /analyze- /errorReport:prompt main.cpp
         main.cpp
     1>c:\capstone\capstone\capstone_repo\detection\image_detector\src\image_detector\image_detector\main.cpp(127): warning C4018: '<' : signed/unsigned mismatch
     1>c:\capstone\capstone\capstone_repo\detection\image_detector\src\image_detector\image_detector\main.cpp(304): warning C4018: '<' : signed/unsigned mismatch
     1>c:\capstone\capstone\capstone_repo\detection\image_detector\src\image_detector\image_detector\main.cpp(312): warning C4018: '<' : signed/unsigned mismatch
       ManifestResourceCompile:
         All outputs are up-to-date.
       Link:
         C:\Program Files (x86)\Microsoft Visual Studio 10.0\VC\bin\link.exe /ERRORREPORT:PROMPT /OUT:"C:\capstone\capstone\capstone_repo\Detection\image_detector\SRC\image_detector\Debug\image_detector.exe" /INCREMENTAL /NOLOGO /LIBPATH:C:\opencv246\build\x86\vc10\lib opencv_contrib246d.lib opencv_calib3d246d.lib opencv_core246d.lib opencv_features2d246d.lib opencv_flann246d.lib opencv_gpu246d.lib opencv_haartraining_engined.lib opencv_imgproc246d.lib opencv_highgui246d.lib opencv_legacy246d.lib opencv_ml246d.lib opencv_nonfree246d.lib opencv_objdetect246d.lib opencv_ocl246d.lib opencv_photo246d.lib opencv_stitching246d.lib opencv_superres246d.lib opencv_ts246d.lib opencv_video246d.lib opencv_videostab246d.lib kernel32.lib user32.lib gdi32.lib winspool.lib comdlg32.lib advapi32.lib shell32.lib ole32.lib oleaut32.lib uuid.lib odbc32.lib odbccp32.lib /MANIFEST /ManifestFile:"Debug\image_detector.exe.intermediate.manifest" /MANIFESTUAC:"level='asInvoker' uiAccess='false'" /DEBUG /PDB:"C:\capstone\capstone\capstone_repo\Detection\image_detector\SRC\image_detector\Debug\image_detector.pdb" /SUBSYSTEM:CONSOLE /TLBID:1 /DYNAMICBASE /NXCOMPAT /IMPLIB:"C:\capstone\capstone\capstone_repo\Detection\image_detector\SRC\image_detector\Debug\image_detector.lib" /MACHINE:X86 Debug\image_detector.exe.embed.manifest.res
         Debug\config_params.obj
         Debug\det_utils.obj
         Debug\main.obj
       Manifest:
         C:\Program Files (x86)\Microsoft SDKs\Windows\v7.0A\bin\mt.exe /nologo /verbose /out:"Debug\image_detector.exe.embed.manifest" /manifest Debug\image_detector.exe.intermediate.manifest
         All outputs are up-to-date.
       LinkEmbedManifest:
         All outputs are up-to-date.
         image_detector.vcxproj -> C:\capstone\capstone\capstone_repo\Detection\image_detector\SRC\image_detector\Debug\image_detector.exe
       FinalizeBuildStatus:
         Deleting file "Debug\image_detector.unsuccessfulbuild".
         Touching "Debug\image_detector.lastbuildstate".
     1>Done Building Project "C:\capstone\capstone\capstone_repo\Detection\image_detector\SRC\image_detector\image_detector\image_detector.vcxproj" (build target(s)).

Build succeeded.

Time Elapsed 00:00:06.29
